547  [main] INFO  c.m.upload.UploadApplication - Starting UploadApplication using Java 19.0.2 with PID 2348 (C:\project\upload\target\classes started by Inspiron in C:\project\upload)
547  [main] DEBUG c.m.upload.UploadApplication - Running with Spring Boot v3.0.5, Spring v6.0.7
548  [main] INFO  c.m.upload.UploadApplication - No active profile set, falling back to 1 default profile: "default"
2273 [main] INFO  c.m.upload.UploadApplication - Started UploadApplication in 2.024 seconds (process running for 2.6)
2275 [main] WARN  c.m.u.s.FilesStorageServiceImpl - upload dir created!
534  [main] INFO  c.m.upload.UploadApplication - Starting UploadApplication using Java 19.0.2 with PID 13996 (C:\project\upload\target\classes started by Inspiron in C:\project\upload)
536  [main] DEBUG c.m.upload.UploadApplication - Running with Spring Boot v3.0.5, Spring v6.0.7
537  [main] INFO  c.m.upload.UploadApplication - No active profile set, falling back to 1 default profile: "default"
1929 [main] INFO  c.m.upload.UploadApplication - Started UploadApplication in 1.669 seconds (process running for 2.303)
1930 [main] INFO  c.m.u.s.FilesStorageServiceImpl - upload dir created!
17095 [http-nio-8080-exec-4] INFO  c.m.u.s.FilesStorageServiceImpl - File chrome_100_percent.pak saved as 3699fd486d5a469aabff8f928fef432a.pak, url: http://localhost:8080/files/A009B1023C052875F54437496FE6E7E0/3699fd486d5a469aabff8f928fef432a.pak
17106 [http-nio-8080-exec-4] INFO  c.m.u.s.FilesStorageServiceImpl - File chrome_200_percent.pak saved as dc9cbbe1d6a143cca9d8467754ce0a2d.pak, url: http://localhost:8080/files/A009B1023C052875F54437496FE6E7E0/dc9cbbe1d6a143cca9d8467754ce0a2d.pak
540  [main] INFO  c.m.upload.UploadApplication - Starting UploadApplication using Java 19.0.2 with PID 23644 (C:\project\upload\target\classes started by Inspiron in C:\project\upload)
541  [main] DEBUG c.m.upload.UploadApplication - Running with Spring Boot v3.0.5, Spring v6.0.7
541  [main] INFO  c.m.upload.UploadApplication - No active profile set, falling back to 1 default profile: "default"
1924 [main] INFO  c.m.upload.UploadApplication - Started UploadApplication in 1.667 seconds (process running for 2.235)
1926 [main] INFO  c.m.u.s.FilesStorageServiceImpl - upload dir created!
9734 [http-nio-8080-exec-1] INFO  c.m.u.s.FilesStorageServiceImpl - File chrome_100_percent.pak saved as bf05b87334da40fa846125964bbbba6c.pak to uploads\02AB323236DACBC113DE73774072E0E1\bf05b87334da40fa846125964bbbba6c.pak, url: http://localhost:8080/files/02AB323236DACBC113DE73774072E0E1/bf05b87334da40fa846125964bbbba6c.pak
9741 [http-nio-8080-exec-1] INFO  c.m.u.s.FilesStorageServiceImpl - File chrome_200_percent.pak saved as 4b62ecd3dda14c82a6569384c8827999.pak to uploads\02AB323236DACBC113DE73774072E0E1\4b62ecd3dda14c82a6569384c8827999.pak, url: http://localhost:8080/files/02AB323236DACBC113DE73774072E0E1/4b62ecd3dda14c82a6569384c8827999.pak
437  [main] INFO  c.m.upload.UploadApplication - Starting UploadApplication using Java 19.0.2 with PID 1652 (C:\project\upload\target\classes started by Inspiron in C:\project\upload)
438  [main] DEBUG c.m.upload.UploadApplication - Running with Spring Boot v3.0.5, Spring v6.0.7
440  [main] INFO  c.m.upload.UploadApplication - No active profile set, falling back to 1 default profile: "default"
1770 [main] INFO  c.m.upload.UploadApplication - Started UploadApplication in 1.553 seconds (process running for 2.091)
1772 [main] INFO  c.m.u.s.FilesStorageServiceImpl - upload dir created!
4746 [http-nio-8080-exec-1] INFO  c.m.u.s.FilesStorageServiceImpl - File chrome_100_percent.pak saved as uploads\3AB6F7C7A76A6545185C698406F0465E\eef50780540f4d1eac5747ffdf87640f.pak, url: http://localhost:8080/files/3AB6F7C7A76A6545185C698406F0465E/eef50780540f4d1eac5747ffdf87640f.pak
4753 [http-nio-8080-exec-1] INFO  c.m.u.s.FilesStorageServiceImpl - File chrome_200_percent.pak saved as uploads\3AB6F7C7A76A6545185C698406F0465E\37b8d5f433874a8d9c05af2532e822cf.pak, url: http://localhost:8080/files/3AB6F7C7A76A6545185C698406F0465E/37b8d5f433874a8d9c05af2532e822cf.pak
558  [main] INFO  c.m.upload.UploadApplication - Starting UploadApplication using Java 19.0.2 with PID 17720 (C:\project\upload\target\classes started by Inspiron in C:\project\upload)
559  [main] DEBUG c.m.upload.UploadApplication - Running with Spring Boot v3.0.5, Spring v6.0.7
560  [main] INFO  c.m.upload.UploadApplication - No active profile set, falling back to 1 default profile: "default"
2131 [main] INFO  c.m.upload.UploadApplication - Started UploadApplication in 1.877 seconds (process running for 2.459)
2133 [main] INFO  c.m.u.s.FilesStorageServiceImpl - upload dir created!
8266 [http-nio-8080-exec-1] INFO  c.m.u.controller.FilesController - Upload %d files from %s
8289 [http-nio-8080-exec-1] INFO  c.m.u.s.FilesStorageServiceImpl - File chrome_100_percent.pak saved as uploads\1EB757C5DEF2672BC712B29280E60287\34e9dde7226341ed97c062061e47fa01.pak, url: http://localhost:8080/files/1EB757C5DEF2672BC712B29280E60287/34e9dde7226341ed97c062061e47fa01.pak
8301 [http-nio-8080-exec-1] INFO  c.m.u.s.FilesStorageServiceImpl - File chrome_200_percent.pak saved as uploads\1EB757C5DEF2672BC712B29280E60287\b6c594a61a984b7e82e0c27d4395769c.pak, url: http://localhost:8080/files/1EB757C5DEF2672BC712B29280E60287/b6c594a61a984b7e82e0c27d4395769c.pak
559  [main] INFO  c.m.upload.UploadApplication - Starting UploadApplication using Java 19.0.2 with PID 13852 (C:\project\upload\target\classes started by Inspiron in C:\project\upload)
559  [main] DEBUG c.m.upload.UploadApplication - Running with Spring Boot v3.0.5, Spring v6.0.7
560  [main] INFO  c.m.upload.UploadApplication - No active profile set, falling back to 1 default profile: "default"
2070 [main] INFO  c.m.upload.UploadApplication - Started UploadApplication in 1.814 seconds (process running for 2.4)
2072 [main] INFO  c.m.u.s.FilesStorageServiceImpl - upload dir created!
10306 [http-nio-8080-exec-4] INFO  c.m.u.controller.FilesController - Upload 2 files from 0:0:0:0:0:0:0:1
10332 [http-nio-8080-exec-4] INFO  c.m.u.s.FilesStorageServiceImpl - File chrome_100_percent.pak saved as uploads\776E0EC8A959B983D6F5508B09A06BF9\e1a522facd00459983e0fbaa45869c88.pak, url: http://localhost:8080/files/776E0EC8A959B983D6F5508B09A06BF9/e1a522facd00459983e0fbaa45869c88.pak
10347 [http-nio-8080-exec-4] INFO  c.m.u.s.FilesStorageServiceImpl - File chrome_200_percent.pak saved as uploads\776E0EC8A959B983D6F5508B09A06BF9\0e0ccd6a28074bd49c3243796b349613.pak, url: http://localhost:8080/files/776E0EC8A959B983D6F5508B09A06BF9/0e0ccd6a28074bd49c3243796b349613.pak
143997 [http-nio-8080-exec-5] INFO  c.m.u.controller.FilesController - Upload 2 files from 0:0:0:0:0:0:0:1
144007 [http-nio-8080-exec-5] INFO  c.m.u.s.FilesStorageServiceImpl - File February_Sunset_in_Tallinn.jpg saved as uploads\776E0EC8A959B983D6F5508B09A06BF9\c32bb018e9db4492a4ab7bef3736ab00.jpg, url: http://localhost:8080/files/776E0EC8A959B983D6F5508B09A06BF9/c32bb018e9db4492a4ab7bef3736ab00.jpg
144021 [http-nio-8080-exec-5] INFO  c.m.u.s.FilesStorageServiceImpl - File 20190502_Newhaven_to_Dieppe_Ferry_5.jpg saved as uploads\776E0EC8A959B983D6F5508B09A06BF9\b184d03e036a457780c76e1a44aff0ab.jpg, url: http://localhost:8080/files/776E0EC8A959B983D6F5508B09A06BF9/b184d03e036a457780c76e1a44aff0ab.jpg
584  [main] INFO  c.m.upload.UploadApplication - Starting UploadApplication using Java 19.0.2 with PID 10868 (C:\project\upload\target\classes started by Inspiron in C:\project\upload)
584  [main] DEBUG c.m.upload.UploadApplication - Running with Spring Boot v3.0.5, Spring v6.0.7
585  [main] INFO  c.m.upload.UploadApplication - No active profile set, falling back to 1 default profile: "default"
1988 [main] INFO  c.m.upload.UploadApplication - Started UploadApplication in 1.705 seconds (process running for 2.289)
1989 [main] INFO  c.m.u.s.FilesStorageServiceImpl - upload dir created!
14555 [http-nio-8080-exec-2] INFO  c.m.u.s.FilesStorageServiceImpl - File February_Sunset_in_Tallinn.jpg saved as uploads\9B44122DFBC40F0CA983C8152EBCE2AA\d09746591c9a4dbcadb6fe63f36556b4.jpg, url: http://localhost:8080/files/9B44122DFBC40F0CA983C8152EBCE2AA/d09746591c9a4dbcadb6fe63f36556b4.jpg
14563 [http-nio-8080-exec-2] INFO  c.m.u.s.FilesStorageServiceImpl - File 20190502_Newhaven_to_Dieppe_Ferry_5.jpg saved as uploads\9B44122DFBC40F0CA983C8152EBCE2AA\f490713a467f4d6687f2d420025d897c.jpg, url: http://localhost:8080/files/9B44122DFBC40F0CA983C8152EBCE2AA/f490713a467f4d6687f2d420025d897c.jpg
575  [main] INFO  c.m.upload.UploadApplication - Starting UploadApplication using Java 19.0.2 with PID 19860 (C:\project\upload\target\classes started by Inspiron in C:\project\upload)
576  [main] DEBUG c.m.upload.UploadApplication - Running with Spring Boot v3.0.5, Spring v6.0.7
577  [main] INFO  c.m.upload.UploadApplication - No active profile set, falling back to 1 default profile: "default"
1944 [main] INFO  c.m.upload.UploadApplication - Started UploadApplication in 1.65 seconds (process running for 2.31)
1945 [main] INFO  c.m.u.s.FilesStorageServiceImpl - upload dir created!
3984 [http-nio-8080-exec-2] INFO  c.m.u.s.FilesStorageServiceImpl - File February_Sunset_in_Tallinn.jpg saved as uploads\CC77ECB89AC245A492EAF2FC223869DA\0ba711e250f242e09192a9474f494d37.jpg, url: http://localhost:8080/files/CC77ECB89AC245A492EAF2FC223869DA/0ba711e250f242e09192a9474f494d37.jpg
3996 [http-nio-8080-exec-2] INFO  c.m.u.s.FilesStorageServiceImpl - File 20190502_Newhaven_to_Dieppe_Ferry_5.jpg saved as uploads\CC77ECB89AC245A492EAF2FC223869DA\d67885508e00410eb3b7fcff2d3f27f4.jpg, url: http://localhost:8080/files/CC77ECB89AC245A492EAF2FC223869DA/d67885508e00410eb3b7fcff2d3f27f4.jpg
615  [main] INFO  c.m.upload.UploadApplication - Starting UploadApplication using Java 19.0.2 with PID 5596 (C:\project\upload\target\classes started by Inspiron in C:\project\upload)
616  [main] DEBUG c.m.upload.UploadApplication - Running with Spring Boot v3.0.5, Spring v6.0.7
617  [main] INFO  c.m.upload.UploadApplication - No active profile set, falling back to 1 default profile: "default"
2120 [main] INFO  c.m.upload.UploadApplication - Started UploadApplication in 1.814 seconds (process running for 2.494)
2122 [main] INFO  c.m.u.s.FilesStorageServiceImpl - upload dir created!
7158 [http-nio-8080-exec-2] INFO  c.m.u.s.FilesStorageServiceImpl - File February_Sunset_in_Tallinn.jpg saved as uploads\B68359515B579CCBD08814FA6B82A82A\9d7701e88d8a4355bc43dc17ac0eb5d8.jpg, url: http://localhost:8080/files/B68359515B579CCBD08814FA6B82A82A/9d7701e88d8a4355bc43dc17ac0eb5d8.jpg
7163 [http-nio-8080-exec-2] INFO  c.m.u.s.FilesStorageServiceImpl - File 20190502_Newhaven_to_Dieppe_Ferry_5.jpg saved as uploads\B68359515B579CCBD08814FA6B82A82A\1aca1be62cef4d64832b617109ff6981.jpg, url: http://localhost:8080/files/B68359515B579CCBD08814FA6B82A82A/1aca1be62cef4d64832b617109ff6981.jpg
10096 [http-nio-8080-exec-5] INFO  c.m.u.s.FilesStorageServiceImpl - File February_Sunset_in_Tallinn.jpg saved as uploads\B68359515B579CCBD08814FA6B82A82A\cad0bd38a6f54beabfe66a1c773c4f51.jpg, url: http://localhost:8080/files/B68359515B579CCBD08814FA6B82A82A/cad0bd38a6f54beabfe66a1c773c4f51.jpg
10105 [http-nio-8080-exec-5] INFO  c.m.u.s.FilesStorageServiceImpl - File 20190502_Newhaven_to_Dieppe_Ferry_5.jpg saved as uploads\B68359515B579CCBD08814FA6B82A82A\1c53b38f293c4f1e9040129208d523c5.jpg, url: http://localhost:8080/files/B68359515B579CCBD08814FA6B82A82A/1c53b38f293c4f1e9040129208d523c5.jpg
11088 [http-nio-8080-exec-4] INFO  c.m.u.s.FilesStorageServiceImpl - File February_Sunset_in_Tallinn.jpg saved as uploads\B68359515B579CCBD08814FA6B82A82A\3ca0712f6fdd4ceca4557cc8f38f8dd6.jpg, url: http://localhost:8080/files/B68359515B579CCBD08814FA6B82A82A/3ca0712f6fdd4ceca4557cc8f38f8dd6.jpg
11093 [http-nio-8080-exec-4] INFO  c.m.u.s.FilesStorageServiceImpl - File 20190502_Newhaven_to_Dieppe_Ferry_5.jpg saved as uploads\B68359515B579CCBD08814FA6B82A82A\3a3a236cd3aa4206b83d264b6500d93c.jpg, url: http://localhost:8080/files/B68359515B579CCBD08814FA6B82A82A/3a3a236cd3aa4206b83d264b6500d93c.jpg
11872 [http-nio-8080-exec-3] INFO  c.m.u.s.FilesStorageServiceImpl - File February_Sunset_in_Tallinn.jpg saved as uploads\B68359515B579CCBD08814FA6B82A82A\82ce006f70f54f1288ede640ab39890c.jpg, url: http://localhost:8080/files/B68359515B579CCBD08814FA6B82A82A/82ce006f70f54f1288ede640ab39890c.jpg
11884 [http-nio-8080-exec-3] INFO  c.m.u.s.FilesStorageServiceImpl - File 20190502_Newhaven_to_Dieppe_Ferry_5.jpg saved as uploads\B68359515B579CCBD08814FA6B82A82A\f687a787713b49fc981c264d962625e1.jpg, url: http://localhost:8080/files/B68359515B579CCBD08814FA6B82A82A/f687a787713b49fc981c264d962625e1.jpg
560  [main] INFO  c.m.upload.UploadApplication - Starting UploadApplication using Java 19.0.2 with PID 10012 (C:\project\upload\target\classes started by Inspiron in C:\project\upload)
561  [main] DEBUG c.m.upload.UploadApplication - Running with Spring Boot v3.0.5, Spring v6.0.7
562  [main] INFO  c.m.upload.UploadApplication - No active profile set, falling back to 1 default profile: "default"
2086 [main] INFO  c.m.upload.UploadApplication - Started UploadApplication in 1.817 seconds (process running for 2.489)
2088 [main] INFO  c.m.u.s.FilesStorageServiceImpl - upload dir created!
576  [main] INFO  c.m.upload.UploadApplication - Starting UploadApplication using Java 19.0.2 with PID 15868 (C:\project\upload\target\classes started by Inspiron in C:\project\upload)
578  [main] DEBUG c.m.upload.UploadApplication - Running with Spring Boot v3.0.5, Spring v6.0.7
578  [main] INFO  c.m.upload.UploadApplication - No active profile set, falling back to 1 default profile: "default"
2042 [main] INFO  c.m.upload.UploadApplication - Started UploadApplication in 1.772 seconds (process running for 2.389)
2044 [main] INFO  c.m.u.s.FilesStorageServiceImpl - upload dir created!
6543 [http-nio-8080-exec-3] INFO  c.m.u.s.FilesStorageServiceImpl - File February_Sunset_in_Tallinn.jpg saved as uploads\86E18BF8A407010D217A6B9B31A6E65F\e5cdf970f02b4e53a7c94156fa0efb09.jpg, url: http://localhost:8080/files/86E18BF8A407010D217A6B9B31A6E65F/e5cdf970f02b4e53a7c94156fa0efb09.jpg
6552 [http-nio-8080-exec-3] INFO  c.m.u.s.FilesStorageServiceImpl - File 20190502_Newhaven_to_Dieppe_Ferry_5.jpg saved as uploads\86E18BF8A407010D217A6B9B31A6E65F\84aa79d933424b0c9cb15cc4f3f02ab4.jpg, url: http://localhost:8080/files/86E18BF8A407010D217A6B9B31A6E65F/84aa79d933424b0c9cb15cc4f3f02ab4.jpg
34572 [http-nio-8080-exec-5] INFO  c.m.u.s.FilesStorageServiceImpl - File February_Sunset_in_Tallinn.jpg saved as uploads\86E18BF8A407010D217A6B9B31A6E65F\000c947e4c0b4d2caffc6a52515a8b5d.jpg, url: http://localhost:8080/files/86E18BF8A407010D217A6B9B31A6E65F/000c947e4c0b4d2caffc6a52515a8b5d.jpg
34580 [http-nio-8080-exec-5] INFO  c.m.u.s.FilesStorageServiceImpl - File 20190502_Newhaven_to_Dieppe_Ferry_5.jpg saved as uploads\86E18BF8A407010D217A6B9B31A6E65F\3544076e426d44aa82c94cd26cf28f47.jpg, url: http://localhost:8080/files/86E18BF8A407010D217A6B9B31A6E65F/3544076e426d44aa82c94cd26cf28f47.jpg
495  [main] INFO  c.m.upload.UploadApplication - Starting UploadApplication using Java 19.0.2 with PID 24780 (C:\project\upload\target\classes started by Inspiron in C:\project\upload)
496  [main] DEBUG c.m.upload.UploadApplication - Running with Spring Boot v3.0.5, Spring v6.0.7
497  [main] INFO  c.m.upload.UploadApplication - No active profile set, falling back to 1 default profile: "default"
1890 [main] INFO  c.m.upload.UploadApplication - Started UploadApplication in 1.649 seconds (process running for 2.243)
1892 [main] INFO  c.m.u.s.FilesStorageServiceImpl - upload dir created!
5162 [http-nio-8080-exec-1] INFO  c.m.u.s.FilesStorageServiceImpl - File February_Sunset_in_Tallinn.jpg saved as uploads\256C73ED64F021749DFD9B21EFAA953A\efc7c5053d1643be9e5c1443f7616598.jpg, url: http://localhost:8080/files/256C73ED64F021749DFD9B21EFAA953A/efc7c5053d1643be9e5c1443f7616598.jpg
5168 [http-nio-8080-exec-1] INFO  c.m.u.s.FilesStorageServiceImpl - File 20190502_Newhaven_to_Dieppe_Ferry_5.jpg saved as uploads\256C73ED64F021749DFD9B21EFAA953A\efda4b7626044b9b86e4f9fbb81626b0.jpg, url: http://localhost:8080/files/256C73ED64F021749DFD9B21EFAA953A/efda4b7626044b9b86e4f9fbb81626b0.jpg
7219 [http-nio-8080-exec-5] INFO  c.m.u.s.FilesStorageServiceImpl - File February_Sunset_in_Tallinn.jpg saved as uploads\256C73ED64F021749DFD9B21EFAA953A\ee8102c95da84cbfaabc38f0910eeff8.jpg, url: http://localhost:8080/files/256C73ED64F021749DFD9B21EFAA953A/ee8102c95da84cbfaabc38f0910eeff8.jpg
7225 [http-nio-8080-exec-5] INFO  c.m.u.s.FilesStorageServiceImpl - File 20190502_Newhaven_to_Dieppe_Ferry_5.jpg saved as uploads\256C73ED64F021749DFD9B21EFAA953A\eefe3e2849d143de927cc5903c7cd71d.jpg, url: http://localhost:8080/files/256C73ED64F021749DFD9B21EFAA953A/eefe3e2849d143de927cc5903c7cd71d.jpg
551  [main] INFO  c.m.upload.UploadApplication - Starting UploadApplication using Java 19.0.2 with PID 13764 (C:\project\upload\target\classes started by Inspiron in C:\project\upload)
552  [main] DEBUG c.m.upload.UploadApplication - Running with Spring Boot v3.0.5, Spring v6.0.7
553  [main] INFO  c.m.upload.UploadApplication - No active profile set, falling back to 1 default profile: "default"
1951 [main] INFO  c.m.upload.UploadApplication - Started UploadApplication in 1.695 seconds (process running for 2.268)
1953 [main] INFO  c.m.u.s.FilesStorageServiceImpl - upload dir created!
2966 [http-nio-8080-exec-3] INFO  c.m.u.s.FilesStorageServiceImpl - File February_Sunset_in_Tallinn.jpg saved as uploads\03257148C10003AF6CD207E12FF493A8\5a603478fbcf446b9869df36b94c7361.jpg, url: http://localhost:8080/file/03257148C10003AF6CD207E12FF493A8/5a603478fbcf446b9869df36b94c7361.jpg
2977 [http-nio-8080-exec-3] INFO  c.m.u.s.FilesStorageServiceImpl - File 20190502_Newhaven_to_Dieppe_Ferry_5.jpg saved as uploads\03257148C10003AF6CD207E12FF493A8\03df505ef2f54c2098503c322ab863cf.jpg, url: http://localhost:8080/file/03257148C10003AF6CD207E12FF493A8/03df505ef2f54c2098503c322ab863cf.jpg
612  [main] INFO  c.m.upload.UploadApplication - Starting UploadApplication using Java 19.0.2 with PID 18016 (C:\project\upload\target\classes started by Inspiron in C:\project\upload)
612  [main] DEBUG c.m.upload.UploadApplication - Running with Spring Boot v3.0.5, Spring v6.0.7
612  [main] INFO  c.m.upload.UploadApplication - No active profile set, falling back to 1 default profile: "default"
2096 [main] INFO  c.m.upload.UploadApplication - Started UploadApplication in 1.823 seconds (process running for 2.457)
2104 [main] INFO  c.m.u.s.FilesStorageServiceImpl - upload dir created!
519  [main] INFO  c.m.upload.UploadApplication - Starting UploadApplication using Java 19.0.2 with PID 13716 (C:\project\upload\target\classes started by Inspiron in C:\project\upload)
519  [main] DEBUG c.m.upload.UploadApplication - Running with Spring Boot v3.0.5, Spring v6.0.7
519  [main] INFO  c.m.upload.UploadApplication - No active profile set, falling back to 1 default profile: "default"
1943 [main] INFO  c.m.upload.UploadApplication - Started UploadApplication in 1.681 seconds (process running for 2.237)
1945 [main] INFO  c.m.u.s.FilesStorageServiceImpl - upload dir created!
571  [main] INFO  c.m.upload.UploadApplication - Starting UploadApplication using Java 19.0.2 with PID 25188 (C:\project\upload\target\classes started by Inspiron in C:\project\upload)
571  [main] DEBUG c.m.upload.UploadApplication - Running with Spring Boot v3.0.5, Spring v6.0.7
571  [main] INFO  c.m.upload.UploadApplication - No active profile set, falling back to 1 default profile: "default"
2008 [main] INFO  c.m.upload.UploadApplication - Started UploadApplication in 1.733 seconds (process running for 2.282)
2010 [main] INFO  c.m.u.s.FilesStorageServiceImpl - upload dir created!
22750 [http-nio-8080-exec-3] INFO  c.m.u.s.FilesStorageServiceImpl - File February_Sunset_in_Tallinn.jpg saved as uploads\DD1FA5F6C6833FC48F69FE484D2E6645\f661473d49fa494083c9c8979cf1a6e6.jpg, url: http://localhost:8080/file/DD1FA5F6C6833FC48F69FE484D2E6645/f661473d49fa494083c9c8979cf1a6e6.jpg
22773 [http-nio-8080-exec-3] INFO  c.m.u.s.FilesStorageServiceImpl - File 20190502_Newhaven_to_Dieppe_Ferry_5.jpg saved as uploads\DD1FA5F6C6833FC48F69FE484D2E6645\bdcddc4a31ea4d8ea820b5a7dfc2ea31.jpg, url: http://localhost:8080/file/DD1FA5F6C6833FC48F69FE484D2E6645/bdcddc4a31ea4d8ea820b5a7dfc2ea31.jpg
31967 [http-nio-8080-exec-2] INFO  c.m.u.controller.FilesController - get file DD1FA5F6C6833FC48F69FE484D2E6645/f661473d49fa494083c9c8979cf1a6e6.jpg
33150 [http-nio-8080-exec-4] INFO  c.m.u.controller.FilesController - get file DD1FA5F6C6833FC48F69FE484D2E6645/f661473d49fa494083c9c8979cf1a6e6.jpg
34183 [http-nio-8080-exec-5] INFO  c.m.u.controller.FilesController - get file DD1FA5F6C6833FC48F69FE484D2E6645/f661473d49fa494083c9c8979cf1a6e6.jpg
41311 [http-nio-8080-exec-6] INFO  c.m.u.controller.FilesController - delete DD1FA5F6C6833FC48F69FE484D2E6645/f661473d49fa494083c9c8979cf1a6e6.jpg from admin
44423 [http-nio-8080-exec-7] INFO  c.m.u.controller.FilesController - delete DD1FA5F6C6833FC48F69FE484D2E6645/f661473d49fa494083c9c8979cf1a6e6.jpg from admin
45201 [http-nio-8080-exec-8] INFO  c.m.u.controller.FilesController - delete DD1FA5F6C6833FC48F69FE484D2E6645/f661473d49fa494083c9c8979cf1a6e6.jpg from admin
45877 [http-nio-8080-exec-9] INFO  c.m.u.controller.FilesController - delete DD1FA5F6C6833FC48F69FE484D2E6645/f661473d49fa494083c9c8979cf1a6e6.jpg from admin
46422 [http-nio-8080-exec-10] INFO  c.m.u.controller.FilesController - delete DD1FA5F6C6833FC48F69FE484D2E6645/f661473d49fa494083c9c8979cf1a6e6.jpg from admin
172816 [http-nio-8080-exec-2] INFO  c.m.u.s.FilesStorageServiceImpl - File February_Sunset_in_Tallinn.jpg saved as uploads\DD1FA5F6C6833FC48F69FE484D2E6645\7dcf22ed6312493eab648b2c0dfcb173.jpg, url: http://localhost:8080/file/DD1FA5F6C6833FC48F69FE484D2E6645/7dcf22ed6312493eab648b2c0dfcb173.jpg
172832 [http-nio-8080-exec-2] INFO  c.m.u.s.FilesStorageServiceImpl - File 20190502_Newhaven_to_Dieppe_Ferry_5.jpg saved as uploads\DD1FA5F6C6833FC48F69FE484D2E6645\707933f6a1ad4db192245c9ba1a7ed25.jpg, url: http://localhost:8080/file/DD1FA5F6C6833FC48F69FE484D2E6645/707933f6a1ad4db192245c9ba1a7ed25.jpg
185709 [http-nio-8080-exec-4] INFO  c.m.u.s.FilesStorageServiceImpl - File February_Sunset_in_Tallinn.jpg saved as uploads\DD1FA5F6C6833FC48F69FE484D2E6645\6a32debfb31e4907a678fa5068a2d43e.jpg, url: http://localhost:8080/file/DD1FA5F6C6833FC48F69FE484D2E6645/6a32debfb31e4907a678fa5068a2d43e.jpg
185717 [http-nio-8080-exec-4] INFO  c.m.u.s.FilesStorageServiceImpl - File 20190502_Newhaven_to_Dieppe_Ferry_5.jpg saved as uploads\DD1FA5F6C6833FC48F69FE484D2E6645\ca27d166dd1d423994e3927e723392b5.jpg, url: http://localhost:8080/file/DD1FA5F6C6833FC48F69FE484D2E6645/ca27d166dd1d423994e3927e723392b5.jpg
185725 [http-nio-8080-exec-4] INFO  c.m.u.s.FilesStorageServiceImpl - File 20190502_Newhaven_to_Dieppe_Ferry_5.jpg saved as uploads\DD1FA5F6C6833FC48F69FE484D2E6645\f08e34be285b4be7ba7eb41da94161d2.jpg, url: http://localhost:8080/file/DD1FA5F6C6833FC48F69FE484D2E6645/f08e34be285b4be7ba7eb41da94161d2.jpg
651  [main] INFO  c.m.upload.UploadApplication - Starting UploadApplication using Java 19.0.2 with PID 23644 (C:\project\upload\target\classes started by Inspiron in C:\project\upload)
652  [main] DEBUG c.m.upload.UploadApplication - Running with Spring Boot v3.0.5, Spring v6.0.7
653  [main] INFO  c.m.upload.UploadApplication - No active profile set, falling back to 1 default profile: "default"
2234 [main] INFO  c.m.upload.UploadApplication - Started UploadApplication in 1.919 seconds (process running for 2.632)
2236 [main] INFO  c.m.u.s.FilesStorageServiceImpl - upload dir created!
4375 [http-nio-8080-exec-7] INFO  c.m.u.s.FilesStorageServiceImpl - File February_Sunset_in_Tallinn.jpg saved as uploads\988D3A8BE779F3C407C917599FEC8143\33083ab0008548a597b0391f05f66d55.jpg, url: http://localhost:8080/file/988D3A8BE779F3C407C917599FEC8143/33083ab0008548a597b0391f05f66d55.jpg
4381 [http-nio-8080-exec-7] INFO  c.m.u.s.FilesStorageServiceImpl - File 20190502_Newhaven_to_Dieppe_Ferry_5.jpg saved as uploads\988D3A8BE779F3C407C917599FEC8143\87023db3449243d5b611dfd589a3354a.jpg, url: http://localhost:8080/file/988D3A8BE779F3C407C917599FEC8143/87023db3449243d5b611dfd589a3354a.jpg
4388 [http-nio-8080-exec-7] INFO  c.m.u.s.FilesStorageServiceImpl - File 20190502_Newhaven_to_Dieppe_Ferry_5.jpg saved as uploads\988D3A8BE779F3C407C917599FEC8143\4344678ef7f34ec1af8d454ed0815f59.jpg, url: http://localhost:8080/file/988D3A8BE779F3C407C917599FEC8143/4344678ef7f34ec1af8d454ed0815f59.jpg
547  [main] INFO  c.m.upload.UploadApplication - Starting UploadApplication using Java 19.0.2 with PID 20768 (C:\project\upload\target\classes started by Inspiron in C:\project\upload)
548  [main] DEBUG c.m.upload.UploadApplication - Running with Spring Boot v3.0.5, Spring v6.0.7
548  [main] INFO  c.m.upload.UploadApplication - No active profile set, falling back to 1 default profile: "default"
2027 [main] INFO  c.m.upload.UploadApplication - Started UploadApplication in 1.771 seconds (process running for 2.34)
2030 [main] INFO  c.m.u.s.FilesStorageServiceImpl - upload dir created!
527  [main] INFO  c.m.upload.UploadApplication - Starting UploadApplication using Java 19.0.2 with PID 24060 (C:\project\upload\target\classes started by Inspiron in C:\project\upload)
528  [main] DEBUG c.m.upload.UploadApplication - Running with Spring Boot v3.0.5, Spring v6.0.7
528  [main] INFO  c.m.upload.UploadApplication - No active profile set, falling back to 1 default profile: "default"
1961 [main] INFO  c.m.upload.UploadApplication - Started UploadApplication in 1.708 seconds (process running for 2.351)
1963 [main] INFO  c.m.u.s.FilesStorageServiceImpl - upload dir created!
531  [main] INFO  c.m.upload.UploadApplication - Starting UploadApplication using Java 19.0.2 with PID 9960 (C:\project\upload\target\classes started by Inspiron in C:\project\upload)
532  [main] DEBUG c.m.upload.UploadApplication - Running with Spring Boot v3.0.5, Spring v6.0.7
533  [main] INFO  c.m.upload.UploadApplication - No active profile set, falling back to 1 default profile: "default"
1859 [main] INFO  c.m.upload.UploadApplication - Started UploadApplication in 1.606 seconds (process running for 2.17)
1861 [main] INFO  c.m.u.s.FilesStorageServiceImpl - upload dir created!
532  [main] INFO  c.m.upload.UploadApplication - Starting UploadApplication using Java 19.0.2 with PID 1976 (C:\project\upload\target\classes started by Inspiron in C:\project\upload)
533  [main] DEBUG c.m.upload.UploadApplication - Running with Spring Boot v3.0.5, Spring v6.0.7
534  [main] INFO  c.m.upload.UploadApplication - No active profile set, falling back to 1 default profile: "default"
1854 [main] INFO  c.m.upload.UploadApplication - Started UploadApplication in 1.585 seconds (process running for 2.158)
1855 [main] INFO  c.m.u.s.FilesStorageServiceImpl - upload dir created!
528  [main] INFO  c.m.upload.UploadApplication - Starting UploadApplication using Java 19.0.2 with PID 12528 (C:\project\upload\target\classes started by Inspiron in C:\project\upload)
530  [main] DEBUG c.m.upload.UploadApplication - Running with Spring Boot v3.0.5, Spring v6.0.7
530  [main] INFO  c.m.upload.UploadApplication - No active profile set, falling back to 1 default profile: "default"
1909 [main] INFO  c.m.upload.UploadApplication - Started UploadApplication in 1.661 seconds (process running for 2.218)
1911 [main] INFO  c.m.u.s.FilesStorageServiceImpl - upload dir created!
523  [main] INFO  c.m.upload.UploadApplication - Starting UploadApplication using Java 19.0.2 with PID 12104 (C:\project\upload\target\classes started by Inspiron in C:\project\upload)
524  [main] DEBUG c.m.upload.UploadApplication - Running with Spring Boot v3.0.5, Spring v6.0.7
524  [main] INFO  c.m.upload.UploadApplication - No active profile set, falling back to 1 default profile: "default"
1891 [main] INFO  c.m.upload.UploadApplication - Started UploadApplication in 1.644 seconds (process running for 2.235)
1893 [main] INFO  c.m.u.s.FilesStorageServiceImpl - upload dir created!
559  [main] INFO  c.m.upload.UploadApplication - Starting UploadApplication using Java 19.0.2 with PID 19488 (C:\project\upload\target\classes started by Inspiron in C:\project\upload)
560  [main] DEBUG c.m.upload.UploadApplication - Running with Spring Boot v3.0.5, Spring v6.0.7
560  [main] INFO  c.m.upload.UploadApplication - No active profile set, falling back to 1 default profile: "default"
1984 [main] INFO  c.m.upload.UploadApplication - Started UploadApplication in 1.715 seconds (process running for 2.33)
1986 [main] INFO  c.m.u.s.FilesStorageServiceImpl - upload dir created!
605  [main] INFO  c.m.upload.UploadApplication - Starting UploadApplication using Java 19.0.2 with PID 25692 (C:\project\upload\target\classes started by Inspiron in C:\project\upload)
606  [main] DEBUG c.m.upload.UploadApplication - Running with Spring Boot v3.0.5, Spring v6.0.7
606  [main] INFO  c.m.upload.UploadApplication - No active profile set, falling back to 1 default profile: "default"
2274 [main] INFO  c.m.upload.UploadApplication - Started UploadApplication in 1.973 seconds (process running for 3.415)
2277 [main] INFO  c.m.u.s.FilesStorageServiceImpl - upload dir created!
563  [main] INFO  c.m.upload.UploadApplication - Starting UploadApplication using Java 19.0.2 with PID 4748 (C:\project\upload\target\classes started by Inspiron in C:\project\upload)
563  [main] DEBUG c.m.upload.UploadApplication - Running with Spring Boot v3.0.5, Spring v6.0.7
564  [main] INFO  c.m.upload.UploadApplication - No active profile set, falling back to 1 default profile: "default"
1919 [main] INFO  c.m.upload.UploadApplication - Started UploadApplication in 1.657 seconds (process running for 2.238)
1921 [main] INFO  c.m.u.s.FilesStorageServiceImpl - upload dir created!
640  [main] INFO  c.m.upload.UploadApplication - Starting UploadApplication using Java 19.0.2 with PID 8080 (C:\project\upload\target\classes started by Inspiron in C:\project\upload)
641  [main] DEBUG c.m.upload.UploadApplication - Running with Spring Boot v3.0.5, Spring v6.0.7
642  [main] INFO  c.m.upload.UploadApplication - No active profile set, falling back to 1 default profile: "default"
2155 [main] INFO  c.m.upload.UploadApplication - Started UploadApplication in 1.832 seconds (process running for 2.549)
2156 [main] INFO  c.m.u.s.FilesStorageServiceImpl - upload dir created!
529  [main] INFO  c.m.upload.UploadApplication - Starting UploadApplication using Java 19.0.2 with PID 23828 (C:\project\upload\target\classes started by Inspiron in C:\project\upload)
530  [main] DEBUG c.m.upload.UploadApplication - Running with Spring Boot v3.0.5, Spring v6.0.7
530  [main] INFO  c.m.upload.UploadApplication - No active profile set, falling back to 1 default profile: "default"
451  [main] INFO  c.m.upload.UploadApplication - Starting UploadApplication using Java 19.0.2 with PID 19012 (C:\project\upload\target\classes started by Inspiron in C:\project\upload)
452  [main] DEBUG c.m.upload.UploadApplication - Running with Spring Boot v3.0.5, Spring v6.0.7
453  [main] INFO  c.m.upload.UploadApplication - No active profile set, falling back to 1 default profile: "default"
1850 [main] INFO  c.m.upload.UploadApplication - Started UploadApplication in 1.629 seconds (process running for 2.197)
1852 [main] INFO  c.m.u.s.FilesStorageServiceImpl - upload dir created!
598  [main] INFO  c.m.upload.UploadApplication - Starting UploadApplication using Java 19.0.2 with PID 7120 (C:\project\upload\target\classes started by Inspiron in C:\project\upload)
598  [main] DEBUG c.m.upload.UploadApplication - Running with Spring Boot v3.0.5, Spring v6.0.7
599  [main] INFO  c.m.upload.UploadApplication - No active profile set, falling back to 1 default profile: "default"
2089 [main] INFO  c.m.upload.UploadApplication - Started UploadApplication in 1.79 seconds (process running for 2.454)
2091 [main] INFO  c.m.u.s.FilesStorageServiceImpl - upload dir created!
572  [main] INFO  c.m.upload.UploadApplication - Starting UploadApplication using Java 19.0.2 with PID 8236 (C:\project\upload\target\classes started by Inspiron in C:\project\upload)
573  [main] DEBUG c.m.upload.UploadApplication - Running with Spring Boot v3.0.5, Spring v6.0.7
574  [main] INFO  c.m.upload.UploadApplication - No active profile set, falling back to 1 default profile: "default"
1931 [main] INFO  c.m.upload.UploadApplication - Started UploadApplication in 1.65 seconds (process running for 2.248)
1933 [main] INFO  c.m.u.s.FilesStorageServiceImpl - upload dir created!
537  [main] INFO  c.m.upload.UploadApplication - Starting UploadApplication using Java 19.0.2 with PID 21924 (C:\project\upload\target\classes started by Inspiron in C:\project\upload)
538  [main] DEBUG c.m.upload.UploadApplication - Running with Spring Boot v3.0.5, Spring v6.0.7
538  [main] INFO  c.m.upload.UploadApplication - No active profile set, falling back to 1 default profile: "default"
2001 [main] INFO  c.m.upload.UploadApplication - Started UploadApplication in 1.742 seconds (process running for 2.351)
2003 [main] INFO  c.m.u.s.FilesStorageServiceImpl - upload dir created!
517  [main] INFO  c.m.upload.UploadApplication - Starting UploadApplication using Java 19.0.2 with PID 12624 (C:\project\upload\target\classes started by Inspiron in C:\project\upload)
517  [main] DEBUG c.m.upload.UploadApplication - Running with Spring Boot v3.0.5, Spring v6.0.7
518  [main] INFO  c.m.upload.UploadApplication - No active profile set, falling back to 1 default profile: "default"
1889 [main] INFO  c.m.upload.UploadApplication - Started UploadApplication in 1.644 seconds (process running for 2.211)
1891 [main] INFO  c.m.u.s.FilesStorageServiceImpl - upload dir created!
527  [main] INFO  c.m.upload.UploadApplication - Starting UploadApplication using Java 19.0.2 with PID 5472 (C:\project\upload\target\classes started by Inspiron in C:\project\upload)
528  [main] DEBUG c.m.upload.UploadApplication - Running with Spring Boot v3.0.5, Spring v6.0.7
529  [main] INFO  c.m.upload.UploadApplication - No active profile set, falling back to 1 default profile: "default"
1837 [main] INFO  c.m.upload.UploadApplication - Started UploadApplication in 1.58 seconds (process running for 2.148)
1839 [main] INFO  c.m.u.s.FilesStorageServiceImpl - upload dir created!
597  [main] INFO  c.m.upload.UploadApplication - Starting UploadApplication using Java 19.0.2 with PID 4112 (C:\project\upload\target\classes started by Inspiron in C:\project\upload)
599  [main] DEBUG c.m.upload.UploadApplication - Running with Spring Boot v3.0.5, Spring v6.0.7
599  [main] INFO  c.m.upload.UploadApplication - No active profile set, falling back to 1 default profile: "default"
2226 [main] INFO  c.m.upload.UploadApplication - Started UploadApplication in 1.945 seconds (process running for 2.607)
2228 [main] INFO  c.m.u.s.FilesStorageServiceImpl - upload dir created!
559  [main] INFO  c.m.upload.UploadApplication - Starting UploadApplication using Java 19.0.2 with PID 8312 (C:\project\upload\target\classes started by Inspiron in C:\project\upload)
560  [main] DEBUG c.m.upload.UploadApplication - Running with Spring Boot v3.0.5, Spring v6.0.7
561  [main] INFO  c.m.upload.UploadApplication - No active profile set, falling back to 1 default profile: "default"
2225 [main] INFO  c.m.upload.UploadApplication - Started UploadApplication in 1.942 seconds (process running for 2.616)
2227 [main] INFO  c.m.u.s.FilesStorageServiceImpl - upload dir created!
588  [main] INFO  c.m.upload.UploadApplication - Starting UploadApplication using Java 19.0.2 with PID 16816 (C:\project\upload\target\classes started by Inspiron in C:\project\upload)
589  [main] DEBUG c.m.upload.UploadApplication - Running with Spring Boot v3.0.5, Spring v6.0.7
590  [main] INFO  c.m.upload.UploadApplication - No active profile set, falling back to 1 default profile: "default"
2137 [main] INFO  c.m.upload.UploadApplication - Started UploadApplication in 1.874 seconds (process running for 2.487)
2139 [main] INFO  c.m.u.s.FilesStorageServiceImpl - upload dir created!
584  [main] INFO  c.m.upload.UploadApplication - Starting UploadApplication using Java 19.0.2 with PID 1156 (C:\project\upload\target\classes started by Inspiron in C:\project\upload)
585  [main] DEBUG c.m.upload.UploadApplication - Running with Spring Boot v3.0.5, Spring v6.0.7
586  [main] INFO  c.m.upload.UploadApplication - No active profile set, falling back to 1 default profile: "default"
2137 [main] INFO  c.m.upload.UploadApplication - Started UploadApplication in 1.866 seconds (process running for 2.464)
2139 [main] INFO  c.m.u.s.FilesStorageServiceImpl - upload dir created!
565  [main] INFO  c.m.upload.UploadApplication - Starting UploadApplication using Java 19.0.2 with PID 5788 (C:\project\upload\target\classes started by Inspiron in C:\project\upload)
566  [main] DEBUG c.m.upload.UploadApplication - Running with Spring Boot v3.0.5, Spring v6.0.7
566  [main] INFO  c.m.upload.UploadApplication - No active profile set, falling back to 1 default profile: "default"
2116 [main] INFO  c.m.upload.UploadApplication - Started UploadApplication in 1.841 seconds (process running for 2.48)
2117 [main] INFO  c.m.u.s.FilesStorageServiceImpl - upload dir created!
552  [main] INFO  c.m.upload.UploadApplication - Starting UploadApplication using Java 19.0.2 with PID 9192 (C:\project\upload\target\classes started by Inspiron in C:\project\upload)
552  [main] DEBUG c.m.upload.UploadApplication - Running with Spring Boot v3.0.5, Spring v6.0.7
553  [main] INFO  c.m.upload.UploadApplication - No active profile set, falling back to 1 default profile: "default"
2057 [main] INFO  c.m.upload.UploadApplication - Started UploadApplication in 1.81 seconds (process running for 2.407)
2059 [main] INFO  c.m.u.s.FilesStorageServiceImpl - upload dir created!
653  [main] INFO  c.m.upload.UploadApplication - Starting UploadApplication using Java 19.0.2 with PID 14692 (C:\project\upload\target\classes started by Inspiron in C:\project\upload)
654  [main] DEBUG c.m.upload.UploadApplication - Running with Spring Boot v3.0.5, Spring v6.0.7
655  [main] INFO  c.m.upload.UploadApplication - No active profile set, falling back to 1 default profile: "default"
2233 [main] INFO  c.m.upload.UploadApplication - Started UploadApplication in 1.909 seconds (process running for 2.624)
2235 [main] INFO  c.m.u.s.FilesStorageServiceImpl - upload dir created!
609  [main] INFO  c.m.upload.UploadApplication - Starting UploadApplication using Java 19.0.2 with PID 1260 (C:\project\upload\target\classes started by Inspiron in C:\project\upload)
610  [main] DEBUG c.m.upload.UploadApplication - Running with Spring Boot v3.0.5, Spring v6.0.7
611  [main] INFO  c.m.upload.UploadApplication - No active profile set, falling back to 1 default profile: "default"
2064 [main] INFO  c.m.upload.UploadApplication - Started UploadApplication in 1.777 seconds (process running for 2.428)
2065 [main] INFO  c.m.u.s.FilesStorageServiceImpl - upload dir created!
606  [main] INFO  c.m.upload.UploadApplication - Starting UploadApplication using Java 19.0.2 with PID 9144 (C:\project\upload\target\classes started by Inspiron in C:\project\upload)
608  [main] DEBUG c.m.upload.UploadApplication - Running with Spring Boot v3.0.5, Spring v6.0.7
608  [main] INFO  c.m.upload.UploadApplication - No active profile set, falling back to 1 default profile: "default"
2118 [main] INFO  c.m.upload.UploadApplication - Started UploadApplication in 1.833 seconds (process running for 2.456)
2120 [main] INFO  c.m.u.s.FilesStorageServiceImpl - upload dir created!
519  [main] INFO  c.m.upload.UploadApplication - Starting UploadApplication using Java 19.0.2 with PID 21860 (C:\project\upload\target\classes started by Inspiron in C:\project\upload)
520  [main] DEBUG c.m.upload.UploadApplication - Running with Spring Boot v3.0.5, Spring v6.0.7
520  [main] INFO  c.m.upload.UploadApplication - No active profile set, falling back to 1 default profile: "default"
1967 [main] INFO  c.m.upload.UploadApplication - Started UploadApplication in 1.696 seconds (process running for 2.344)
1969 [main] INFO  c.m.u.s.FilesStorageServiceImpl - upload dir created!
575  [main] INFO  c.m.upload.UploadApplication - Starting UploadApplication using Java 19.0.2 with PID 19172 (C:\project\upload\target\classes started by Inspiron in C:\project\upload)
576  [main] DEBUG c.m.upload.UploadApplication - Running with Spring Boot v3.0.5, Spring v6.0.7
577  [main] INFO  c.m.upload.UploadApplication - No active profile set, falling back to 1 default profile: "default"
2109 [main] INFO  c.m.upload.UploadApplication - Started UploadApplication in 1.843 seconds (process running for 2.501)
2115 [main] INFO  c.m.u.s.FilesStorageServiceImpl - upload dir created!
567  [main] INFO  c.m.upload.UploadApplication - Starting UploadApplication using Java 19.0.2 with PID 15636 (C:\project\upload\target\classes started by Inspiron in C:\project\upload)
568  [main] DEBUG c.m.upload.UploadApplication - Running with Spring Boot v3.0.5, Spring v6.0.7
569  [main] INFO  c.m.upload.UploadApplication - No active profile set, falling back to 1 default profile: "default"
566  [main] INFO  c.m.upload.UploadApplication - Starting UploadApplication using Java 19.0.2 with PID 8736 (C:\project\upload\target\classes started by Inspiron in C:\project\upload)
566  [main] DEBUG c.m.upload.UploadApplication - Running with Spring Boot v3.0.5, Spring v6.0.7
567  [main] INFO  c.m.upload.UploadApplication - No active profile set, falling back to 1 default profile: "default"
589  [main] INFO  c.m.upload.UploadApplication - Starting UploadApplication using Java 19.0.2 with PID 5628 (C:\project\upload\target\classes started by Inspiron in C:\project\upload)
590  [main] DEBUG c.m.upload.UploadApplication - Running with Spring Boot v3.0.5, Spring v6.0.7
590  [main] INFO  c.m.upload.UploadApplication - No active profile set, falling back to 1 default profile: "default"
2063 [main] INFO  c.m.upload.UploadApplication - Started UploadApplication in 1.779 seconds (process running for 2.412)
2065 [main] INFO  c.m.u.s.FilesStorageServiceImpl - upload dir created!
568  [main] INFO  c.m.upload.UploadApplication - Starting UploadApplication using Java 19.0.2 with PID 26140 (C:\project\upload\target\classes started by Inspiron in C:\project\upload)
569  [main] DEBUG c.m.upload.UploadApplication - Running with Spring Boot v3.0.5, Spring v6.0.7
570  [main] INFO  c.m.upload.UploadApplication - No active profile set, falling back to 1 default profile: "default"
2075 [main] INFO  c.m.upload.UploadApplication - Started UploadApplication in 1.806 seconds (process running for 2.42)
2077 [main] INFO  c.m.u.s.FilesStorageServiceImpl - upload dir created!
619  [main] INFO  c.m.upload.UploadApplication - Starting UploadApplication using Java 19.0.2 with PID 1564 (C:\project\upload\target\classes started by Inspiron in C:\project\upload)
620  [main] DEBUG c.m.upload.UploadApplication - Running with Spring Boot v3.0.5, Spring v6.0.7
621  [main] INFO  c.m.upload.UploadApplication - No active profile set, falling back to 1 default profile: "default"
2194 [main] INFO  c.m.upload.UploadApplication - Started UploadApplication in 1.897 seconds (process running for 2.552)
2196 [main] INFO  c.m.u.s.FilesStorageServiceImpl - upload dir created!
583  [main] INFO  c.m.upload.UploadApplication - Starting UploadApplication using Java 19.0.2 with PID 5244 (C:\project\upload\target\classes started by Inspiron in C:\project\upload)
583  [main] DEBUG c.m.upload.UploadApplication - Running with Spring Boot v3.0.5, Spring v6.0.7
584  [main] INFO  c.m.upload.UploadApplication - No active profile set, falling back to 1 default profile: "default"
2040 [main] INFO  c.m.upload.UploadApplication - Started UploadApplication in 1.761 seconds (process running for 2.432)
2041 [main] INFO  c.m.u.s.FilesStorageServiceImpl - upload dir created!
548  [main] INFO  c.m.upload.UploadApplication - Starting UploadApplication using Java 19.0.2 with PID 17120 (C:\project\upload\target\classes started by Inspiron in C:\project\upload)
549  [main] DEBUG c.m.upload.UploadApplication - Running with Spring Boot v3.0.5, Spring v6.0.7
550  [main] INFO  c.m.upload.UploadApplication - No active profile set, falling back to 1 default profile: "default"
2004 [main] INFO  c.m.upload.UploadApplication - Started UploadApplication in 1.747 seconds (process running for 2.346)
2006 [main] INFO  c.m.u.s.FilesStorageServiceImpl - upload dir created!
552  [main] INFO  c.m.upload.UploadApplication - Starting UploadApplication using Java 19.0.2 with PID 5744 (C:\project\upload\target\classes started by Inspiron in C:\project\upload)
553  [main] DEBUG c.m.upload.UploadApplication - Running with Spring Boot v3.0.5, Spring v6.0.7
554  [main] INFO  c.m.upload.UploadApplication - No active profile set, falling back to 1 default profile: "default"
1967 [main] INFO  c.m.upload.UploadApplication - Started UploadApplication in 1.699 seconds (process running for 2.318)
1969 [main] INFO  c.m.u.s.FilesStorageServiceImpl - upload dir created!
547  [main] INFO  c.m.upload.UploadApplication - Starting UploadApplication using Java 19.0.2 with PID 16072 (C:\project\upload\target\classes started by Inspiron in C:\project\upload)
549  [main] DEBUG c.m.upload.UploadApplication - Running with Spring Boot v3.0.5, Spring v6.0.7
550  [main] INFO  c.m.upload.UploadApplication - No active profile set, falling back to 1 default profile: "default"
1858 [main] INFO  c.m.upload.UploadApplication - Started UploadApplication in 1.601 seconds (process running for 2.204)
1859 [main] INFO  c.m.u.s.FilesStorageServiceImpl - upload dir created!
542  [main] INFO  c.m.upload.UploadApplication - Starting UploadApplication using Java 19.0.2 with PID 6972 (C:\project\upload\target\classes started by Inspiron in C:\project\upload)
544  [main] DEBUG c.m.upload.UploadApplication - Running with Spring Boot v3.0.5, Spring v6.0.7
545  [main] INFO  c.m.upload.UploadApplication - No active profile set, falling back to 1 default profile: "default"
1893 [main] INFO  c.m.upload.UploadApplication - Started UploadApplication in 1.642 seconds (process running for 2.271)
1894 [main] INFO  c.m.u.s.FilesStorageServiceImpl - upload dir created!
668  [main] INFO  c.m.upload.UploadApplication - Starting UploadApplication using Java 19.0.2 with PID 11236 (C:\project\upload\target\classes started by Inspiron in C:\project\upload)
669  [main] DEBUG c.m.upload.UploadApplication - Running with Spring Boot v3.0.5, Spring v6.0.7
676  [main] INFO  c.m.upload.UploadApplication - No active profile set, falling back to 1 default profile: "default"
1920 [main] INFO  c.m.upload.UploadApplication - Started UploadApplication in 1.555 seconds (process running for 2.534)
1921 [main] INFO  c.m.u.s.FilesStorageServiceImpl - upload dir created!
547  [main] INFO  c.m.upload.UploadApplication - Starting UploadApplication using Java 19.0.2 with PID 25180 (C:\project\upload\target\classes started by Inspiron in C:\project\upload)
549  [main] DEBUG c.m.upload.UploadApplication - Running with Spring Boot v3.0.5, Spring v6.0.7
550  [main] INFO  c.m.upload.UploadApplication - No active profile set, falling back to 1 default profile: "default"
1883 [main] INFO  c.m.upload.UploadApplication - Started UploadApplication in 1.636 seconds (process running for 2.242)
1885 [main] INFO  c.m.u.s.FilesStorageServiceImpl - upload dir created!
534  [main] INFO  c.m.upload.UploadApplication - Starting UploadApplication using Java 19.0.2 with PID 14748 (C:\project\upload\target\classes started by Inspiron in C:\project\upload)
536  [main] DEBUG c.m.upload.UploadApplication - Running with Spring Boot v3.0.5, Spring v6.0.7
536  [main] INFO  c.m.upload.UploadApplication - No active profile set, falling back to 1 default profile: "default"
1874 [main] INFO  c.m.upload.UploadApplication - Started UploadApplication in 1.621 seconds (process running for 2.212)
1875 [main] INFO  c.m.u.s.FilesStorageServiceImpl - upload dir created!
483  [main] INFO  c.m.upload.UploadApplication - Starting UploadApplication using Java 19.0.2 with PID 10560 (C:\project\upload\target\classes started by Inspiron in C:\project\upload)
485  [main] DEBUG c.m.upload.UploadApplication - Running with Spring Boot v3.0.5, Spring v6.0.7
486  [main] INFO  c.m.upload.UploadApplication - No active profile set, falling back to 1 default profile: "default"
1832 [main] INFO  c.m.upload.UploadApplication - Started UploadApplication in 1.599 seconds (process running for 2.218)
1833 [main] INFO  c.m.u.s.FilesStorageServiceImpl - upload dir created!
594  [main] INFO  c.m.upload.UploadApplication - Starting UploadApplication using Java 19.0.2 with PID 18360 (C:\project\upload\target\classes started by Inspiron in C:\project\upload)
595  [main] DEBUG c.m.upload.UploadApplication - Running with Spring Boot v3.0.5, Spring v6.0.7
595  [main] INFO  c.m.upload.UploadApplication - No active profile set, falling back to 1 default profile: "default"
1812 [main] INFO  c.m.upload.UploadApplication - Started UploadApplication in 1.543 seconds (process running for 2.155)
1813 [main] INFO  c.m.u.s.FilesStorageServiceImpl - upload dir created!
509  [main] INFO  c.m.upload.UploadApplication - Starting UploadApplication using Java 19.0.2 with PID 9248 (C:\project\upload\target\classes started by Inspiron in C:\project\upload)
511  [main] DEBUG c.m.upload.UploadApplication - Running with Spring Boot v3.0.5, Spring v6.0.7
511  [main] INFO  c.m.upload.UploadApplication - No active profile set, falling back to 1 default profile: "default"
1800 [main] INFO  c.m.upload.UploadApplication - Started UploadApplication in 1.552 seconds (process running for 2.097)
1801 [main] INFO  c.m.u.s.FilesStorageServiceImpl - upload dir created!
552  [main] INFO  c.m.upload.UploadApplication - Starting UploadApplication using Java 19.0.2 with PID 10732 (C:\project\upload\target\classes started by Inspiron in C:\project\upload)
554  [main] DEBUG c.m.upload.UploadApplication - Running with Spring Boot v3.0.5, Spring v6.0.7
554  [main] INFO  c.m.upload.UploadApplication - No active profile set, falling back to 1 default profile: "default"
1937 [main] INFO  c.m.upload.UploadApplication - Started UploadApplication in 1.685 seconds (process running for 2.271)
1938 [main] INFO  c.m.u.s.FilesStorageServiceImpl - upload dir created!
539  [main] INFO  c.m.upload.UploadApplication - Starting UploadApplication using Java 19.0.2 with PID 13800 (C:\project\upload\target\classes started by Inspiron in C:\project\upload)
541  [main] DEBUG c.m.upload.UploadApplication - Running with Spring Boot v3.0.5, Spring v6.0.7
542  [main] INFO  c.m.upload.UploadApplication - No active profile set, falling back to 1 default profile: "default"
1923 [main] INFO  c.m.upload.UploadApplication - Started UploadApplication in 1.662 seconds (process running for 2.263)
1924 [main] INFO  c.m.u.s.FilesStorageServiceImpl - upload dir created!
561  [main] INFO  c.m.upload.UploadApplication - Starting UploadApplication using Java 19.0.2 with PID 20548 (C:\project\upload\target\classes started by Inspiron in C:\project\upload)
562  [main] DEBUG c.m.upload.UploadApplication - Running with Spring Boot v3.0.5, Spring v6.0.7
563  [main] INFO  c.m.upload.UploadApplication - No active profile set, falling back to 1 default profile: "default"
1858 [main] INFO  c.m.upload.UploadApplication - Started UploadApplication in 1.593 seconds (process running for 2.199)
1859 [main] INFO  c.m.u.s.FilesStorageServiceImpl - upload dir created!
649  [main] INFO  c.m.upload.UploadApplication - Starting UploadApplication using Java 19.0.2 with PID 10108 (C:\project\upload\target\classes started by Inspiron in C:\project\upload)
650  [main] DEBUG c.m.upload.UploadApplication - Running with Spring Boot v3.0.5, Spring v6.0.7
651  [main] INFO  c.m.upload.UploadApplication - No active profile set, falling back to 1 default profile: "default"
2011 [main] INFO  c.m.upload.UploadApplication - Started UploadApplication in 1.684 seconds (process running for 3.093)
2013 [main] INFO  c.m.u.s.FilesStorageServiceImpl - upload dir created!
618528 [http-nio-8080-exec-1] INFO  c.m.u.controller.FilesController - get file 03257148C10003AF6CD207E12FF493A8/03df505ef2f54c2098503c322ab863cf.jpg
669107 [http-nio-8080-exec-9] INFO  c.m.u.controller.FilesController - get file 03257148C10003AF6CD207E12FF493A8/03df505ef2f54c2098503c322ab863cf.jpg
679469 [http-nio-8080-exec-10] INFO  c.m.u.controller.FilesController - get file 03257148C10003AF6CD207E12FF493A8/03df505ef2f54c2098503c322ab863cf.jpg
682288 [http-nio-8080-exec-2] INFO  c.m.u.controller.FilesController - get file 03257148C10003AF6CD207E12FF493A8/03df505ef2f54c2098503c322ab863cf.jpg
695731 [http-nio-8080-exec-4] INFO  c.m.u.controller.FilesController - get file 03257148C10003AF6CD207E12FF493A8/03df505ef2f54c2098503c322ab863cf.jpg
696832 [http-nio-8080-exec-5] INFO  c.m.u.controller.FilesController - get file 03257148C10003AF6CD207E12FF493A8/03df505ef2f54c2098503c322ab863cf.jpg
700853 [http-nio-8080-exec-6] INFO  c.m.u.controller.FilesController - get file 03257148C10003AF6CD207E12FF493A8/03df505ef2f54c2098503c322ab863cf.jpg
646  [main] INFO  c.m.upload.UploadApplication - Starting UploadApplication using Java 19.0.2 with PID 12620 (C:\project\upload\target\classes started by Inspiron in C:\project\upload)
646  [main] DEBUG c.m.upload.UploadApplication - Running with Spring Boot v3.0.5, Spring v6.0.7
646  [main] INFO  c.m.upload.UploadApplication - No active profile set, falling back to 1 default profile: "default"
2009 [main] INFO  c.m.upload.UploadApplication - Started UploadApplication in 1.685 seconds (process running for 2.39)
2009 [main] INFO  c.m.u.s.FilesStorageServiceImpl - upload dir created!
528  [main] INFO  c.m.upload.UploadApplication - Starting UploadApplication using Java 19.0.2 with PID 15100 (C:\project\upload\target\classes started by Inspiron in C:\project\upload)
528  [main] DEBUG c.m.upload.UploadApplication - Running with Spring Boot v3.0.5, Spring v6.0.7
528  [main] INFO  c.m.upload.UploadApplication - No active profile set, falling back to 1 default profile: "default"
1852 [main] INFO  c.m.upload.UploadApplication - Started UploadApplication in 1.594 seconds (process running for 2.188)
1853 [main] INFO  c.m.u.s.FilesStorageServiceImpl - upload dir created!
552  [main] INFO  c.m.upload.UploadApplication - Starting UploadApplication using Java 19.0.2 with PID 21040 (C:\project\upload\target\classes started by Inspiron in C:\project\upload)
552  [main] DEBUG c.m.upload.UploadApplication - Running with Spring Boot v3.0.5, Spring v6.0.7
552  [main] INFO  c.m.upload.UploadApplication - No active profile set, falling back to 1 default profile: "default"
1867 [main] INFO  c.m.upload.UploadApplication - Started UploadApplication in 1.604 seconds (process running for 2.197)
1869 [main] INFO  c.m.u.s.FilesStorageServiceImpl - upload dir created!
12320 [http-nio-8080-exec-2] INFO  c.m.u.controller.FilesController - get file 03257148C10003AF6CD207E12FF493A8/03df505ef2f54c2098503c322ab863cf.jpg
14475 [http-nio-8080-exec-7] INFO  c.m.u.controller.FilesController - get file 03257148C10003AF6CD207E12FF493A8/03df505ef2f54c2098503c322ab863cf.jpg
15121 [http-nio-8080-exec-6] INFO  c.m.u.controller.FilesController - get file 03257148C10003AF6CD207E12FF493A8/03df505ef2f54c2098503c322ab863cf.jpg
15797 [http-nio-8080-exec-8] INFO  c.m.u.controller.FilesController - get file 03257148C10003AF6CD207E12FF493A8/03df505ef2f54c2098503c322ab863cf.jpg
576  [main] INFO  c.m.upload.UploadApplication - Starting UploadApplication using Java 19.0.2 with PID 10232 (C:\project\upload\target\classes started by Inspiron in C:\project\upload)
576  [main] DEBUG c.m.upload.UploadApplication - Running with Spring Boot v3.0.5, Spring v6.0.7
576  [main] INFO  c.m.upload.UploadApplication - No active profile set, falling back to 1 default profile: "default"
603  [main] INFO  c.m.upload.UploadApplication - Starting UploadApplication using Java 19.0.2 with PID 4012 (C:\project\upload\target\classes started by Inspiron in C:\project\upload)
603  [main] DEBUG c.m.upload.UploadApplication - Running with Spring Boot v3.0.5, Spring v6.0.7
603  [main] INFO  c.m.upload.UploadApplication - No active profile set, falling back to 1 default profile: "default"
1928 [main] INFO  c.m.upload.UploadApplication - Started UploadApplication in 1.635 seconds (process running for 2.263)
1928 [main] INFO  c.m.u.s.FilesStorageServiceImpl - upload dir created!
569  [main] INFO  c.m.upload.UploadApplication - Starting UploadApplication using Java 19.0.2 with PID 11844 (C:\project\upload\target\classes started by Inspiron in C:\project\upload)
569  [main] DEBUG c.m.upload.UploadApplication - Running with Spring Boot v3.0.5, Spring v6.0.7
569  [main] INFO  c.m.upload.UploadApplication - No active profile set, falling back to 1 default profile: "default"
2021 [main] INFO  c.m.upload.UploadApplication - Started UploadApplication in 1.746 seconds (process running for 2.375)
2022 [main] INFO  c.m.u.s.FilesStorageServiceImpl - upload dir created!
545  [main] INFO  c.m.upload.UploadApplication - Starting UploadApplication using Java 19.0.2 with PID 16632 (C:\project\upload\target\classes started by Inspiron in C:\project\upload)
545  [main] DEBUG c.m.upload.UploadApplication - Running with Spring Boot v3.0.5, Spring v6.0.7
545  [main] INFO  c.m.upload.UploadApplication - No active profile set, falling back to 1 default profile: "default"
1825 [main] INFO  c.m.upload.UploadApplication - Started UploadApplication in 1.563 seconds (process running for 2.152)
1825 [main] INFO  c.m.u.s.FilesStorageServiceImpl - upload dir created!
527  [main] INFO  c.m.upload.UploadApplication - Starting UploadApplication using Java 19.0.2 with PID 24052 (C:\project\upload\target\classes started by Inspiron in C:\project\upload)
529  [main] DEBUG c.m.upload.UploadApplication - Running with Spring Boot v3.0.5, Spring v6.0.7
530  [main] INFO  c.m.upload.UploadApplication - No active profile set, falling back to 1 default profile: "default"
1883 [main] INFO  c.m.upload.UploadApplication - Started UploadApplication in 1.64 seconds (process running for 2.238)
1884 [main] INFO  c.m.u.s.FilesStorageServiceImpl - upload dir created!
552  [main] INFO  c.m.upload.UploadApplication - Starting UploadApplication using Java 19.0.2 with PID 22056 (C:\project\upload\target\classes started by Inspiron in C:\project\upload)
554  [main] DEBUG c.m.upload.UploadApplication - Running with Spring Boot v3.0.5, Spring v6.0.7
554  [main] INFO  c.m.upload.UploadApplication - No active profile set, falling back to 1 default profile: "default"
1850 [main] INFO  c.m.upload.UploadApplication - Started UploadApplication in 1.594 seconds (process running for 2.203)
1852 [main] INFO  c.m.u.s.FilesStorageServiceImpl - upload dir created!
628  [main] INFO  c.m.upload.UploadApplication - Starting UploadApplication using Java 19.0.2 with PID 20100 (C:\project\upload\target\classes started by Inspiron in C:\project\upload)
629  [main] DEBUG c.m.upload.UploadApplication - Running with Spring Boot v3.0.5, Spring v6.0.7
629  [main] INFO  c.m.upload.UploadApplication - No active profile set, falling back to 1 default profile: "default"
1929 [main] INFO  c.m.upload.UploadApplication - Started UploadApplication in 1.629 seconds (process running for 2.286)
1930 [main] INFO  c.m.u.s.FilesStorageServiceImpl - upload dir created!
540  [main] INFO  c.m.upload.UploadApplication - Starting UploadApplication using Java 19.0.2 with PID 21788 (C:\project\upload\target\classes started by Inspiron in C:\project\upload)
541  [main] DEBUG c.m.upload.UploadApplication - Running with Spring Boot v3.0.5, Spring v6.0.7
542  [main] INFO  c.m.upload.UploadApplication - No active profile set, falling back to 1 default profile: "default"
1863 [main] INFO  c.m.upload.UploadApplication - Started UploadApplication in 1.6 seconds (process running for 2.207)
1865 [main] INFO  c.m.u.s.FilesStorageServiceImpl - upload dir created!
500  [main] INFO  c.m.upload.UploadApplication - Starting UploadApplication using Java 19.0.2 with PID 19672 (C:\project\upload\target\classes started by Inspiron in C:\project\upload)
502  [main] DEBUG c.m.upload.UploadApplication - Running with Spring Boot v3.0.5, Spring v6.0.7
502  [main] INFO  c.m.upload.UploadApplication - No active profile set, falling back to 1 default profile: "default"
1703 [main] INFO  c.m.upload.UploadApplication - Started UploadApplication in 1.458 seconds (process running for 2.062)
1705 [main] INFO  c.m.u.s.FilesStorageServiceImpl - upload dir created!
548  [main] INFO  c.m.upload.UploadApplication - Starting UploadApplication using Java 19.0.2 with PID 15712 (C:\project\upload\target\classes started by Inspiron in C:\project\upload)
549  [main] DEBUG c.m.upload.UploadApplication - Running with Spring Boot v3.0.5, Spring v6.0.7
550  [main] INFO  c.m.upload.UploadApplication - No active profile set, falling back to 1 default profile: "default"
1863 [main] INFO  c.m.upload.UploadApplication - Started UploadApplication in 1.594 seconds (process running for 2.224)
1864 [main] INFO  c.m.u.s.FilesStorageServiceImpl - upload dir created!
563  [main] INFO  c.m.upload.UploadApplication - Starting UploadApplication using Java 19.0.2 with PID 13532 (C:\project\upload\target\classes started by Inspiron in C:\project\upload)
564  [main] DEBUG c.m.upload.UploadApplication - Running with Spring Boot v3.0.5, Spring v6.0.7
564  [main] INFO  c.m.upload.UploadApplication - No active profile set, falling back to 1 default profile: "default"
1822 [main] INFO  c.m.upload.UploadApplication - Started UploadApplication in 1.563 seconds (process running for 2.248)
1823 [main] INFO  c.m.u.s.FilesStorageServiceImpl - upload dir created!
548  [main] INFO  c.m.upload.UploadApplication - Starting UploadApplication using Java 19.0.2 with PID 13804 (C:\project\upload\target\classes started by Inspiron in C:\project\upload)
550  [main] DEBUG c.m.upload.UploadApplication - Running with Spring Boot v3.0.5, Spring v6.0.7
550  [main] INFO  c.m.upload.UploadApplication - No active profile set, falling back to 1 default profile: "default"
1823 [main] INFO  c.m.upload.UploadApplication - Started UploadApplication in 1.553 seconds (process running for 2.149)
1825 [main] INFO  c.m.u.s.FilesStorageServiceImpl - upload dir created!
546  [main] INFO  c.m.upload.UploadApplication - Starting UploadApplication using Java 19.0.2 with PID 11536 (C:\project\upload\target\classes started by Inspiron in C:\project\upload)
548  [main] DEBUG c.m.upload.UploadApplication - Running with Spring Boot v3.0.5, Spring v6.0.7
548  [main] INFO  c.m.upload.UploadApplication - No active profile set, falling back to 1 default profile: "default"
1775 [main] INFO  c.m.upload.UploadApplication - Started UploadApplication in 1.522 seconds (process running for 2.107)
1776 [main] INFO  c.m.u.s.FilesStorageServiceImpl - upload dir created!
530  [main] INFO  c.m.upload.UploadApplication - Starting UploadApplication using Java 19.0.2 with PID 21244 (C:\project\upload\target\classes started by Inspiron in C:\project\upload)
531  [main] DEBUG c.m.upload.UploadApplication - Running with Spring Boot v3.0.5, Spring v6.0.7
532  [main] INFO  c.m.upload.UploadApplication - No active profile set, falling back to 1 default profile: "default"
1822 [main] INFO  c.m.upload.UploadApplication - Started UploadApplication in 1.57 seconds (process running for 2.147)
1823 [main] INFO  c.m.u.s.FilesStorageServiceImpl - upload dir created!
553  [main] INFO  c.m.upload.UploadApplication - Starting UploadApplication using Java 19.0.2 with PID 920 (C:\project\upload\target\classes started by Inspiron in C:\project\upload)
556  [main] DEBUG c.m.upload.UploadApplication - Running with Spring Boot v3.0.5, Spring v6.0.7
556  [main] INFO  c.m.upload.UploadApplication - No active profile set, falling back to 1 default profile: "default"
1815 [main] INFO  c.m.upload.UploadApplication - Started UploadApplication in 1.564 seconds (process running for 2.13)
1817 [main] INFO  c.m.u.s.FilesStorageServiceImpl - upload dir created!
554  [main] INFO  c.m.upload.UploadApplication - Starting UploadApplication using Java 19.0.2 with PID 22356 (C:\project\upload\target\classes started by Inspiron in C:\project\upload)
556  [main] DEBUG c.m.upload.UploadApplication - Running with Spring Boot v3.0.5, Spring v6.0.7
557  [main] INFO  c.m.upload.UploadApplication - No active profile set, falling back to 1 default profile: "default"
1812 [main] INFO  c.m.upload.UploadApplication - Started UploadApplication in 1.554 seconds (process running for 2.114)
1814 [main] INFO  c.m.u.s.FilesStorageServiceImpl - upload dir created!
523  [main] INFO  c.m.upload.UploadApplication - Starting UploadApplication using Java 19.0.2 with PID 16012 (C:\project\upload\target\classes started by Inspiron in C:\project\upload)
525  [main] DEBUG c.m.upload.UploadApplication - Running with Spring Boot v3.0.5, Spring v6.0.7
525  [main] INFO  c.m.upload.UploadApplication - No active profile set, falling back to 1 default profile: "default"
1758 [main] INFO  c.m.upload.UploadApplication - Started UploadApplication in 1.509 seconds (process running for 2.063)
1760 [main] INFO  c.m.u.s.FilesStorageServiceImpl - upload dir created!
495  [main] INFO  c.m.upload.UploadApplication - Starting UploadApplication using Java 19.0.2 with PID 26340 (C:\project\upload\target\classes started by Inspiron in C:\project\upload)
496  [main] DEBUG c.m.upload.UploadApplication - Running with Spring Boot v3.0.5, Spring v6.0.7
497  [main] INFO  c.m.upload.UploadApplication - No active profile set, falling back to 1 default profile: "default"
1681 [main] INFO  c.m.upload.UploadApplication - Started UploadApplication in 1.422 seconds (process running for 2.006)
1682 [main] INFO  c.m.u.s.FilesStorageServiceImpl - upload dir created!
532  [main] INFO  c.m.upload.UploadApplication - Starting UploadApplication using Java 19.0.2 with PID 8856 (C:\project\upload\target\classes started by Inspiron in C:\project\upload)
533  [main] DEBUG c.m.upload.UploadApplication - Running with Spring Boot v3.0.5, Spring v6.0.7
534  [main] INFO  c.m.upload.UploadApplication - No active profile set, falling back to 1 default profile: "default"
1774 [main] INFO  c.m.upload.UploadApplication - Started UploadApplication in 1.514 seconds (process running for 2.078)
1775 [main] INFO  c.m.u.s.FilesStorageServiceImpl - upload dir created!
543  [main] INFO  c.m.upload.UploadApplication - Starting UploadApplication using Java 19.0.2 with PID 12068 (C:\project\upload\target\classes started by Inspiron in C:\project\upload)
545  [main] DEBUG c.m.upload.UploadApplication - Running with Spring Boot v3.0.5, Spring v6.0.7
545  [main] INFO  c.m.upload.UploadApplication - No active profile set, falling back to 1 default profile: "default"
1723 [main] INFO  c.m.upload.UploadApplication - Started UploadApplication in 1.466 seconds (process running for 2.042)
1725 [main] INFO  c.m.u.s.FilesStorageServiceImpl - upload dir created!
558  [main] INFO  c.m.upload.UploadApplication - Starting UploadApplication using Java 19.0.2 with PID 11708 (C:\project\upload\target\classes started by Inspiron in C:\project\upload)
561  [main] DEBUG c.m.upload.UploadApplication - Running with Spring Boot v3.0.5, Spring v6.0.7
562  [main] INFO  c.m.upload.UploadApplication - No active profile set, falling back to 1 default profile: "default"
1841 [main] INFO  c.m.upload.UploadApplication - Started UploadApplication in 1.589 seconds (process running for 2.161)
1842 [main] INFO  c.m.u.s.FilesStorageServiceImpl - upload dir created!
515  [main] INFO  c.m.upload.UploadApplication - Starting UploadApplication using Java 19.0.2 with PID 6016 (C:\project\upload\target\classes started by Inspiron in C:\project\upload)
516  [main] DEBUG c.m.upload.UploadApplication - Running with Spring Boot v3.0.5, Spring v6.0.7
517  [main] INFO  c.m.upload.UploadApplication - No active profile set, falling back to 1 default profile: "default"
1738 [main] INFO  c.m.upload.UploadApplication - Started UploadApplication in 1.493 seconds (process running for 2.056)
1740 [main] INFO  c.m.u.s.FilesStorageServiceImpl - upload dir created!
520  [main] INFO  c.m.upload.UploadApplication - Starting UploadApplication using Java 19.0.2 with PID 2368 (C:\project\upload\target\classes started by Inspiron in C:\project\upload)
521  [main] DEBUG c.m.upload.UploadApplication - Running with Spring Boot v3.0.5, Spring v6.0.7
521  [main] INFO  c.m.upload.UploadApplication - No active profile set, falling back to 1 default profile: "default"
1718 [main] INFO  c.m.upload.UploadApplication - Started UploadApplication in 1.471 seconds (process running for 2.031)
1719 [main] INFO  c.m.u.s.FilesStorageServiceImpl - upload dir created!
1047 [main] INFO  c.m.upload.UploadApplication - Starting UploadApplication using Java 19.0.2 with PID 16104 (C:\project\upload\target\classes started by Inspiron in C:\project\upload)
1048 [main] DEBUG c.m.upload.UploadApplication - Running with Spring Boot v3.0.5, Spring v6.0.7
1049 [main] INFO  c.m.upload.UploadApplication - No active profile set, falling back to 1 default profile: "default"
2292 [main] INFO  c.m.upload.UploadApplication - Started UploadApplication in 1.796 seconds (process running for 3.184)
2293 [main] INFO  c.m.u.s.FilesStorageServiceImpl - upload dir created!
1318 [main] INFO  c.m.upload.UploadApplication - Starting UploadApplication using Java 19.0.2 with PID 20844 (C:\project\upload\target\classes started by Inspiron in C:\project\upload)
1322 [main] DEBUG c.m.upload.UploadApplication - Running with Spring Boot v3.0.1, Spring v6.0.3
1324 [main] INFO  c.m.upload.UploadApplication - No active profile set, falling back to 1 default profile: "default"
3089 [main] INFO  c.m.upload.UploadApplication - Started UploadApplication in 2.466 seconds (process running for 4.106)
3091 [main] INFO  c.m.u.s.FilesStorageServiceImpl - upload dir created!
674  [main] INFO  c.m.upload.UploadApplication - Starting UploadApplication using Java 19.0.2 with PID 21904 (C:\project\upload\target\classes started by Inspiron in C:\project\upload)
675  [main] DEBUG c.m.upload.UploadApplication - Running with Spring Boot v3.0.1, Spring v6.0.3
676  [main] INFO  c.m.upload.UploadApplication - No active profile set, falling back to 1 default profile: "default"
3123 [main] INFO  c.m.upload.UploadApplication - Started UploadApplication in 2.856 seconds (process running for 3.468)
3126 [main] INFO  c.m.u.s.FilesStorageServiceImpl - upload dir created!
533  [main] INFO  c.m.upload.UploadApplication - Starting UploadApplication using Java 19.0.2 with PID 21988 (C:\project\upload\target\classes started by Inspiron in C:\project\upload)
535  [main] DEBUG c.m.upload.UploadApplication - Running with Spring Boot v3.0.5, Spring v6.0.7
535  [main] INFO  c.m.upload.UploadApplication - No active profile set, falling back to 1 default profile: "default"
2196 [main] INFO  c.m.upload.UploadApplication - Started UploadApplication in 1.923 seconds (process running for 2.54)
2202 [main] INFO  c.m.u.s.FilesStorageServiceImpl - upload dir created!
601  [main] INFO  c.m.upload.UploadApplication - Starting UploadApplication using Java 19.0.2 with PID 9272 (C:\project\upload\target\classes started by Inspiron in C:\project\upload)
602  [main] DEBUG c.m.upload.UploadApplication - Running with Spring Boot v3.0.5, Spring v6.0.7
603  [main] INFO  c.m.upload.UploadApplication - No active profile set, falling back to 1 default profile: "default"
3360 [main] INFO  c.m.upload.UploadApplication - Started UploadApplication in 3.064 seconds (process running for 3.764)
3363 [main] INFO  c.m.u.s.FilesStorageServiceImpl - upload dir created!
11818 [http-nio-8080-exec-2] INFO  c.m.u.s.FilesStorageServiceImpl - File 03df505ef2f54c2098503c322ab863cf (1).jpg saved as uploads\545350321C1C2BE296F626015369087C\073f0f36b398453ea411f430e5c7f833.jpg, url: http://localhost:8080/file/545350321C1C2BE296F626015369087C/073f0f36b398453ea411f430e5c7f833.jpg
968  [main] INFO  c.m.upload.UploadApplication - Starting UploadApplication using Java 19.0.2 with PID 19444 (C:\project\upload\target\classes started by Inspiron in C:\project\upload)
970  [main] DEBUG c.m.upload.UploadApplication - Running with Spring Boot v3.0.5, Spring v6.0.7
971  [main] INFO  c.m.upload.UploadApplication - No active profile set, falling back to 1 default profile: "default"
2597 [main] INFO  c.m.upload.UploadApplication - Started UploadApplication in 2.152 seconds (process running for 3.166)
2599 [main] INFO  c.m.u.s.FilesStorageServiceImpl - upload dir created!
3472 [http-nio-8080-exec-1] INFO  c.m.u.s.FilesStorageServiceImpl - File 03df505ef2f54c2098503c322ab863cf (1).jpg saved as uploads\4BDC24B0D0AD0C24E2018646C5C534F1\7cd2cc50f2df465d993e9445e872c0a5.jpg, url: http://localhost:8080/file/4BDC24B0D0AD0C24E2018646C5C534F1/7cd2cc50f2df465d993e9445e872c0a5.jpg
5247 [http-nio-8080-exec-2] INFO  c.m.u.s.FilesStorageServiceImpl - File 03df505ef2f54c2098503c322ab863cf (1).jpg saved as uploads\4BDC24B0D0AD0C24E2018646C5C534F1\beb5092ecc44469f961cd57674bd7a5c.jpg, url: http://localhost:8080/file/4BDC24B0D0AD0C24E2018646C5C534F1/beb5092ecc44469f961cd57674bd7a5c.jpg
1074 [main] INFO  c.m.upload.UploadApplication - Starting UploadApplication using Java 19.0.2 with PID 6840 (C:\project\upload\target\classes started by Inspiron in C:\project\upload)
1076 [main] DEBUG c.m.upload.UploadApplication - Running with Spring Boot v3.0.5, Spring v6.0.7
1077 [main] INFO  c.m.upload.UploadApplication - No active profile set, falling back to 1 default profile: "default"
2608 [main] INFO  c.m.upload.UploadApplication - Started UploadApplication in 2.121 seconds (process running for 3.164)
2610 [main] INFO  c.m.u.s.FilesStorageServiceImpl - upload dir created!
3457 [http-nio-8080-exec-1] INFO  c.m.u.s.FilesStorageServiceImpl - File 03df505ef2f54c2098503c322ab863cf (1).jpg saved as uploads\3A2ACF6413CBB1B3D9B0B5549C08136F\ff98d261bd054319a90b4b9eb97ae2ca.jpg, url: http://localhost:8080/file/3A2ACF6413CBB1B3D9B0B5549C08136F/ff98d261bd054319a90b4b9eb97ae2ca.jpg
930  [main] INFO  c.m.upload.UploadApplication - Starting UploadApplication using Java 19.0.2 with PID 13364 (C:\project\upload\target\classes started by Inspiron in C:\project\upload)
931  [main] DEBUG c.m.upload.UploadApplication - Running with Spring Boot v3.0.5, Spring v6.0.7
932  [main] INFO  c.m.upload.UploadApplication - No active profile set, falling back to 1 default profile: "default"
2546 [main] INFO  c.m.upload.UploadApplication - Started UploadApplication in 2.103 seconds (process running for 3.218)
2548 [main] INFO  c.m.u.s.FilesStorageServiceImpl - upload dir created!
4233 [http-nio-8080-exec-1] INFO  c.m.u.s.FilesStorageServiceImpl - File 03df505ef2f54c2098503c322ab863cf (1).jpg saved as uploads\4456CBC89E596113044935026B239F64\46405520066a406497d173310c1d89a3.jpg, url: http://localhost:8080/file/4456CBC89E596113044935026B239F64/46405520066a406497d173310c1d89a3.jpg
57227 [http-nio-8080-exec-7] INFO  c.m.u.s.FilesStorageServiceImpl - File February_Sunset_in_Tallinn.jpg saved as uploads\4456CBC89E596113044935026B239F64\9a01da4636544d1488ebb854551432f3.jpg, url: http://localhost:8080/file/4456CBC89E596113044935026B239F64/9a01da4636544d1488ebb854551432f3.jpg
57240 [http-nio-8080-exec-7] INFO  c.m.u.s.FilesStorageServiceImpl - File 20190502_Newhaven_to_Dieppe_Ferry_5.jpg saved as uploads\4456CBC89E596113044935026B239F64\df4147fde6d14bc3b2374aec3b498657.jpg, url: http://localhost:8080/file/4456CBC89E596113044935026B239F64/df4147fde6d14bc3b2374aec3b498657.jpg
112699 [http-nio-8080-exec-2] INFO  c.m.u.s.FilesStorageServiceImpl - File February_Sunset_in_Tallinn.jpg saved as uploads\4456CBC89E596113044935026B239F64\d867da93e2704ca78522a21fb9bc981b.jpg, url: http://localhost:8080/file/4456CBC89E596113044935026B239F64/d867da93e2704ca78522a21fb9bc981b.jpg
112712 [http-nio-8080-exec-2] INFO  c.m.u.s.FilesStorageServiceImpl - File 20190502_Newhaven_to_Dieppe_Ferry_5.jpg saved as uploads\4456CBC89E596113044935026B239F64\a10c3d7373f040cc9425ea53e22d3e2f.jpg, url: http://localhost:8080/file/4456CBC89E596113044935026B239F64/a10c3d7373f040cc9425ea53e22d3e2f.jpg
385054 [http-nio-8080-exec-6] INFO  c.m.u.controller.FilesController - get file 4456CBC89E596113044935026B239F64/d867da93e2704ca78522a21fb9bc981b.jpg
